<?xml version="1.0" encoding="UTF-8"?>
<coverage generated="1744229747987" clover="3.2.0">
  <project timestamp="1744229747987" name="All files">
    <metrics statements="25" coveredstatements="24" conditionals="0" coveredconditionals="0" methods="8" coveredmethods="7" elements="33" coveredelements="31" complexity="0" loc="25" ncloc="25" packages="1" files="2" classes="2"/>
    <file name="ClaubeProfile.tsx" path="/home/qubit/prompt-fail/src/components/ClaubeProfile.tsx">
      <metrics statements="11" coveredstatements="11" conditionals="0" coveredconditionals="0" methods="3" coveredmethods="3"/>
      <line num="1" count="1" type="stmt"/>
      <line num="8" count="1" type="stmt"/>
      <line num="10" count="5" type="stmt"/>
      <line num="18" count="5" type="stmt"/>
      <line num="30" count="5" type="stmt"/>
      <line num="33" count="5" type="stmt"/>
      <line num="34" count="1" type="stmt"/>
      <line num="37" count="5" type="stmt"/>
      <line num="51" count="20" type="stmt"/>
      <line num="67" count="1" type="stmt"/>
      <line num="73" count="1" type="stmt"/>
    </file>
    <file name="WhalecumPortal.tsx" path="/home/qubit/prompt-fail/src/components/WhalecumPortal.tsx">
      <metrics statements="14" coveredstatements="13" conditionals="0" coveredconditionals="0" methods="5" coveredmethods="4"/>
      <line num="1" count="1" type="stmt"/>
      <line num="2" count="1" type="stmt"/>
      <line num="12" count="1" type="stmt"/>
      <line num="25" count="1" type="stmt"/>
      <line num="26" count="2" type="stmt"/>
      <line num="28" count="2" type="stmt"/>
      <line num="30" count="1" type="stmt"/>
      <line num="33" count="1" type="stmt"/>
      <line num="34" count="0" type="stmt"/>
      <line num="37" count="1" type="stmt"/>
      <line num="41" count="1" type="stmt"/>
      <line num="42" count="1" type="stmt"/>
      <line num="45" count="2" type="stmt"/>
      <line num="63" count="1" type="stmt"/>
    </file>
  </project>
</coverage>
