{"/home/qubit/prompt-fail/src/components/ClaubeProfile.tsx": {"path":"/home/qubit/prompt-fail/src/components/ClaubeProfile.tsx","statementMap":{"0":{"start":{"line":1,"column":0},"end":{"line":1,"column":40}},"1":{"start":{"line":8,"column":32},"end":{"line":65,"column":1}},"2":{"start":{"line":10,"column":19},"end":{"line":15,"column":4}},"3":{"start":{"line":18,"column":19},"end":{"line":27,"column":4}},"4":{"start":{"line":30,"column":42},"end":{"line":30,"column":53}},"5":{"start":{"line":33,"column":22},"end":{"line":35,"column":3}},"6":{"start":{"line":34,"column":4},"end":{"line":34,"column":58}},"7":{"start":{"line":37,"column":2},"end":{"line":64,"column":4}},"8":{"start":{"line":51,"column":10},"end":{"line":51,"column":25}},"9":{"start":{"line":67,"column":0},"end":{"line":67,"column":29}},"10":{"start":{"line":73,"column":55},"end":{"line":113,"column":2}}},"fnMap":{"0":{"name":"(anonymous_0)","decl":{"start":{"line":8,"column":32},"end":{"line":8,"column":35}},"loc":{"start":{"line":8,"column":37},"end":{"line":65,"column":1}}},"1":{"name":"(anonymous_1)","decl":{"start":{"line":33,"column":22},"end":{"line":33,"column":25}},"loc":{"start":{"line":33,"column":27},"end":{"line":35,"column":3}}},"2":{"name":"(anonymous_2)","decl":{"start":{"line":50,"column":38},"end":{"line":50,"column":39}},"loc":{"start":{"line":51,"column":10},"end":{"line":51,"column":25}}}},"branchMap":{},"s":{"0":1,"1":1,"2":5,"3":5,"4":5,"5":5,"6":1,"7":5,"8":20,"9":1,"10":1},"f":{"0":5,"1":1,"2":20},"b":{}}
,"/home/qubit/prompt-fail/src/components/WhalecumPortal.tsx": {"path":"/home/qubit/prompt-fail/src/components/WhalecumPortal.tsx","statementMap":{"0":{"start":{"line":1,"column":0},"end":{"line":1,"column":51}},"1":{"start":{"line":2,"column":0},"end":{"line":2,"column":56}},"2":{"start":{"line":12,"column":27},"end":{"line":23,"column":2}},"3":{"start":{"line":25,"column":33},"end":{"line":61,"column":1}},"4":{"start":{"line":26,"column":34},"end":{"line":26,"column":46}},"5":{"start":{"line":28,"column":2},"end":{"line":38,"column":9}},"6":{"start":{"line":30,"column":4},"end":{"line":30,"column":34}},"7":{"start":{"line":33,"column":21},"end":{"line":35,"column":12}},"8":{"start":{"line":34,"column":6},"end":{"line":34,"column":36}},"9":{"start":{"line":37,"column":4},"end":{"line":37,"column":41}},"10":{"start":{"line":37,"column":17},"end":{"line":37,"column":40}},"11":{"start":{"line":41,"column":18},"end":{"line":41,"column":71}},"12":{"start":{"line":42,"column":4},"end":{"line":42,"column":37}},"13":{"start":{"line":45,"column":2},"end":{"line":60,"column":4}},"14":{"start":{"line":63,"column":0},"end":{"line":63,"column":30}}},"fnMap":{"0":{"name":"(anonymous_0)","decl":{"start":{"line":25,"column":33},"end":{"line":25,"column":36}},"loc":{"start":{"line":25,"column":38},"end":{"line":61,"column":1}}},"1":{"name":"(anonymous_1)","decl":{"start":{"line":28,"column":12},"end":{"line":28,"column":15}},"loc":{"start":{"line":28,"column":17},"end":{"line":38,"column":3}}},"2":{"name":"(anonymous_2)","decl":{"start":{"line":33,"column":33},"end":{"line":33,"column":36}},"loc":{"start":{"line":33,"column":38},"end":{"line":35,"column":5}}},"3":{"name":"(anonymous_3)","decl":{"start":{"line":37,"column":11},"end":{"line":37,"column":14}},"loc":{"start":{"line":37,"column":17},"end":{"line":37,"column":40}}},"4":{"name":"randomGreeting","decl":{"start":{"line":40,"column":11},"end":{"line":40,"column":25}},"loc":{"start":{"line":40,"column":25},"end":{"line":43,"column":3}}}},"branchMap":{},"s":{"0":1,"1":1,"2":1,"3":1,"4":2,"5":2,"6":1,"7":1,"8":0,"9":1,"10":1,"11":1,"12":1,"13":2,"14":1},"f":{"0":2,"1":1,"2":0,"3":1,"4":1},"b":{}}
}
