TN:
SF:src/components/ClaubeProfile.tsx
FN:8,(anonymous_0)
FN:33,(anonymous_1)
FN:50,(anonymous_2)
FNF:3
FNH:3
FNDA:5,(anonymous_0)
FNDA:1,(anonymous_1)
FNDA:20,(anonymous_2)
DA:1,1
DA:8,1
DA:10,5
DA:18,5
DA:30,5
DA:33,5
DA:34,1
DA:37,5
DA:51,20
DA:67,1
DA:73,1
LF:11
LH:11
BRF:0
BRH:0
end_of_record
TN:
SF:src/components/WhalecumPortal.tsx
FN:25,(anonymous_0)
FN:28,(anonymous_1)
FN:33,(anonymous_2)
FN:37,(anonymous_3)
FN:40,randomGreeting
FNF:5
FNH:4
FNDA:2,(anonymous_0)
FNDA:1,(anonymous_1)
FNDA:0,(anonymous_2)
FNDA:1,(anonymous_3)
FNDA:1,randomGreeting
DA:1,1
DA:2,1
DA:12,1
DA:25,1
DA:26,2
DA:28,2
DA:30,1
DA:33,1
DA:34,0
DA:37,1
DA:41,1
DA:42,1
DA:45,2
DA:63,1
LF:14
LH:13
BRF:0
BRH:0
end_of_record
